File Size:          Buffer Size:        Copy Velocity:      
----------          ---------------     --------------      
21                  STANDARD BUFFER     954545     B/s
21                  65000               954545     B/s
21                  1                   130435     B/s
21                  STANDARD BUFFER     138158     B/s
21                  1                   214286     B/s
21                  1024                954545     B/s
21                  STANDARD BUFFER     1312500    B/s
21                  STANDARD BUFFER     375000     B/s
21                  STANDARD BUFFER     1000000    B/s
21                  STANDARD BUFFER     1312500    B/s
21                  STANDARD BUFFER     1050000    B/s
21                  STANDARD BUFFER     1235294    B/s
21                  STANDARD BUFFER     1235294    B/s
21                  STANDARD BUFFER     1312500    B/s
21                  STANDARD BUFFER     1500000    B/s
21                  STANDARD BUFFER     1312500    B/s
21                  STANDARD BUFFER     1312500    B/s
21                  STANDARD BUFFER     1000000    B/s
21                  STANDARD BUFFER     875000     B/s
21                  STANDARD BUFFER     512195     B/s
133                 1024                1662500    B/s
133                 1                   152874     B/s
133                 65000               5541667    B/s
